#
# There is insufficient memory for the Java Runtime Environment to continue.
# Native memory allocation (mmap) failed to map 532676608 bytes for G1 virtual space
# Possible reasons:
#   The system is out of physical RAM or swap space
#   The process is running with CompressedOops enabled, and the Java Heap may be blocking the growth of the native heap
# Possible solutions:
#   Reduce memory load on the system
#   Increase physical memory or swap space
#   Check if swap backing store is full
#   Decrease Java heap size (-Xmx/-Xms)
#   Decrease number of Java threads
#   Decrease Java thread stack sizes (-Xss)
#   Set larger code cache with -XX:ReservedCodeCacheSize=
#   JVM is running with Zero Based Compressed Oops mode in which the Java heap is
#     placed in the first 32GB address space. The Java Heap base address is the
#     maximum limit for the native heap growth. Please use -XX:HeapBaseMinAddress
#     to set the Java Heap base and to place the Java Heap above 32GB virtual address.
# This output file may be truncated or incomplete.
#
#  Out of Memory Error (os_windows.cpp:3536), pid=13844, tid=39064
#
# JRE version:  (19.0.2+7) (build )
# Java VM: Java HotSpot(TM) 64-Bit Server VM (19.0.2+7-44, mixed mode, sharing, tiered, compressed oops, compressed class ptrs, g1 gc, windows-amd64)
# No core dump will be written. Minidumps are not enabled by default on client versions of Windows
#

---------------  S U M M A R Y ------------

Command Line: -Dfile.encoding=UTF-8 -XX:+ShowCodeDetailsInExceptionMessages x.start.main.DSAprogramMain

Host: Intel(R) Core(TM) i5-1035G1 CPU @ 1.00GHz, 8 cores, 31G,  Windows 11 , 64 bit Build 22000 (10.0.22000.1761)
Time: Sat Apr 29 10:15:43 2023 Central Daylight Time elapsed time: 0.016207 seconds (0d 0h 0m 0s)

---------------  T H R E A D  ---------------

Current thread (0x000001eda47ec5a0):  JavaThread "Unknown thread" [_thread_in_vm, id=39064, stack(0x000000b46d000000,0x000000b46d100000)]

Stack: [0x000000b46d000000,0x000000b46d100000]
Native frames: (J=compiled Java code, j=interpreted, Vv=VM code, C=native code)
V  [jvm.dll+0x6ee21a]
V  [jvm.dll+0x85765e]
V  [jvm.dll+0x85904e]
V  [jvm.dll+0x859703]
V  [jvm.dll+0x28298f]
V  [jvm.dll+0x6eb009]
V  [jvm.dll+0x6dfbaa]
V  [jvm.dll+0x3573f6]
V  [jvm.dll+0x35ee56]
V  [jvm.dll+0x3b541e]
V  [jvm.dll+0x3b564f]
V  [jvm.dll+0x32c9ea]
V  [jvm.dll+0x32d89e]
V  [jvm.dll+0x821780]
V  [jvm.dll+0x3c2661]
V  [jvm.dll+0x801f51]
V  [jvm.dll+0x44ae8f]
V  [jvm.dll+0x44c811]
C  [jli.dll+0x5287]
C  [ucrtbase.dll+0x26c0c]
C  [KERNEL32.DLL+0x15590]
C  [ntdll.dll+0x485b]


---------------  P R O C E S S  ---------------

Threads class SMR info:
_java_thread_list=0x00007ff953bcd048, length=0, elements={
}

Java Threads: ( => current thread )

Other Threads:
  0x000001eda489f070 WorkerThread "GC Thread#0" [stack: 0x000000b46d100000,0x000000b46d200000] [id=36088]
  0x000001eda48b0710 ConcurrentGCThread "G1 Main Marker" [stack: 0x000000b46d200000,0x000000b46d300000] [id=11312]
  0x000001eda48b2060 WorkerThread "G1 Conc#0" [stack: 0x000000b46d300000,0x000000b46d400000] [id=16248]

[error occurred during error reporting (printing all threads), id 0xc0000005, EXCEPTION_ACCESS_VIOLATION (0xc0000005) at pc=0x00007ff95338d427]

VM state: not at safepoint (not fully initialized)

VM Mutex/Monitor currently owned by a thread:  ([mutex/lock_event])
[0x000001eda47e8120] Heap_lock - owner thread: 0x000001eda47ec5a0

Heap address: 0x0000000604c00000, size: 8116 MB, Compressed Oops mode: Zero based, Oop shift amount: 3

CDS archive(s) mapped at: [0x0000000000000000-0x0000000000000000-0x0000000000000000), size 0, SharedBaseAddress: 0x0000000800000000, ArchiveRelocationMode: 0.
Narrow klass base: 0x0000000000000000, Narrow klass shift: 0, Narrow klass range: 0x0

GC Precious Log:
 CardTable entry size: 512
 Card Set container configuration: InlinePtr #cards 4 size 8 Array Of Cards #cards 32 size 80 Howl #buckets 8 coarsen threshold 7372 Howl Bitmap #cards 1024 size 144 coarsen threshold 921 Card regions per heap region 1 cards per card region 8192

Heap:
 garbage-first heap   total 0K, used 0K [0x0000000604c00000, 0x0000000800000000)
  region size 4096K, 0 young (0K), 0 survivors (0K)

[error occurred during error reporting (printing heap information), id 0xc0000005, EXCEPTION_ACCESS_VIOLATION (0xc0000005) at pc=0x00007ff953796649]

GC Heap History (0 events):
No events

Dll operation events (1 events):
Event: 0.009 Loaded shared library C:\Program Files\Java\jdk-19\bin\java.dll

Deoptimization events (0 events):
No events

Classes loaded (0 events):
No events

Classes unloaded (0 events):
No events

Classes redefined (0 events):
No events

Internal exceptions (0 events):
No events

VM Operations (0 events):
No events

Events (0 events):
No events


Dynamic libraries:
0x00007ff6ee6f0000 - 0x00007ff6ee700000 	C:\Program Files\Java\jdk-19\bin\javaw.exe
0x00007ff9d8780000 - 0x00007ff9d8989000 	C:\Windows\SYSTEM32\ntdll.dll
0x00007ff9d7470000 - 0x00007ff9d752e000 	C:\Windows\System32\KERNEL32.DLL
0x00007ff9d5dc0000 - 0x00007ff9d6143000 	C:\Windows\System32\KERNELBASE.dll
0x00007ff9d5c30000 - 0x00007ff9d5d41000 	C:\Windows\System32\ucrtbase.dll
0x00007ff9bd1b0000 - 0x00007ff9bd1cb000 	C:\Program Files\Java\jdk-19\bin\VCRUNTIME140.dll
0x00007ff9bd760000 - 0x00007ff9bd778000 	C:\Program Files\Java\jdk-19\bin\jli.dll
0x00007ff9d7670000 - 0x00007ff9d771e000 	C:\Windows\System32\ADVAPI32.dll
0x00007ff9d7720000 - 0x00007ff9d77c3000 	C:\Windows\System32\msvcrt.dll
0x00007ff9d78c0000 - 0x00007ff9d795e000 	C:\Windows\System32\sechost.dll
0x00007ff9d7540000 - 0x00007ff9d7661000 	C:\Windows\System32\RPCRT4.dll
0x00007ff9d7190000 - 0x00007ff9d733d000 	C:\Windows\System32\USER32.dll
0x00007ff9d6360000 - 0x00007ff9d6386000 	C:\Windows\System32\win32u.dll
0x00007ff9bc250000 - 0x00007ff9bc4f5000 	C:\Windows\WinSxS\amd64_microsoft.windows.common-controls_6595b64144ccf1df_6.0.22000.120_none_9d947278b86cc467\COMCTL32.dll
0x00007ff9d8710000 - 0x00007ff9d8739000 	C:\Windows\System32\GDI32.dll
0x00007ff9d6390000 - 0x00007ff9d64aa000 	C:\Windows\System32\gdi32full.dll
0x00007ff9d62c0000 - 0x00007ff9d635d000 	C:\Windows\System32\msvcp_win.dll
0x00007ff9cfab0000 - 0x00007ff9cfaba000 	C:\Windows\SYSTEM32\VERSION.dll
0x00007ff9d6c00000 - 0x00007ff9d6c31000 	C:\Windows\System32\IMM32.DLL
0x00007ff9ce700000 - 0x00007ff9ce70c000 	C:\Program Files\Java\jdk-19\bin\vcruntime140_1.dll
0x00007ff9ac4c0000 - 0x00007ff9ac54e000 	C:\Program Files\Java\jdk-19\bin\msvcp140.dll
0x00007ff953050000 - 0x00007ff953d10000 	C:\Program Files\Java\jdk-19\bin\server\jvm.dll
0x00007ff9d31f0000 - 0x00007ff9d31f9000 	C:\Windows\SYSTEM32\WSOCK32.dll
0x00007ff9ce5b0000 - 0x00007ff9ce5e3000 	C:\Windows\SYSTEM32\WINMM.dll
0x00007ff9d7000000 - 0x00007ff9d706f000 	C:\Windows\System32\WS2_32.dll
0x00007ff9d4d60000 - 0x00007ff9d4d78000 	C:\Windows\SYSTEM32\kernel.appcore.dll
0x00007ff9d3790000 - 0x00007ff9d379a000 	C:\Program Files\Java\jdk-19\bin\jimage.dll
0x00007ff9d2ec0000 - 0x00007ff9d30e1000 	C:\Windows\SYSTEM32\DBGHELP.DLL
0x00007ff9d2c00000 - 0x00007ff9d2c31000 	C:\Windows\SYSTEM32\dbgcore.DLL
0x00007ff9d64b0000 - 0x00007ff9d652f000 	C:\Windows\System32\bcryptPrimitives.dll
0x00007ff9bd0e0000 - 0x00007ff9bd106000 	C:\Program Files\Java\jdk-19\bin\java.dll

dbghelp: loaded successfully - version: 4.0.5 - missing functions: none
symbol engine: initialized successfully - sym options: 0x614 - pdb path: .;C:\Program Files\Java\jdk-19\bin;C:\Windows\SYSTEM32;C:\Windows\WinSxS\amd64_microsoft.windows.common-controls_6595b64144ccf1df_6.0.22000.120_none_9d947278b86cc467;C:\Program Files\Java\jdk-19\bin\server

VM Arguments:
jvm_args: -Dfile.encoding=UTF-8 -XX:+ShowCodeDetailsInExceptionMessages 
java_command: x.start.main.DSAprogramMain
java_class_path (initial): C:\Users\techg\Desktop\cosc2436projectMod09\InstructorSmith_Mod_09_DataStructuresAlgorithms_Mod01_Mod09\bin
Launcher Type: SUN_STANDARD

[Global flags]
     intx CICompilerCount                          = 4                                         {product} {ergonomic}
     uint ConcGCThreads                            = 2                                         {product} {ergonomic}
     uint G1ConcRefinementThreads                  = 8                                         {product} {ergonomic}
   size_t G1HeapRegionSize                         = 4194304                                   {product} {ergonomic}
    uintx GCDrainStackTargetSize                   = 64                                        {product} {ergonomic}
   size_t InitialHeapSize                          = 532676608                                 {product} {ergonomic}
   size_t MarkStackSize                            = 4194304                                   {product} {ergonomic}
   size_t MaxHeapSize                              = 8510242816                                {product} {ergonomic}
   size_t MinHeapDeltaBytes                        = 4194304                                   {product} {ergonomic}
   size_t MinHeapSize                              = 8388608                                   {product} {ergonomic}
    uintx NonNMethodCodeHeapSize                   = 5839372                                {pd product} {ergonomic}
    uintx NonProfiledCodeHeapSize                  = 122909434                              {pd product} {ergonomic}
    uintx ProfiledCodeHeapSize                     = 122909434                              {pd product} {ergonomic}
    uintx ReservedCodeCacheSize                    = 251658240                              {pd product} {ergonomic}
     bool SegmentedCodeCache                       = true                                      {product} {ergonomic}
     bool ShowCodeDetailsInExceptionMessages       = true                                   {manageable} {command line}
   size_t SoftMaxHeapSize                          = 8510242816                             {manageable} {ergonomic}
     bool UseCompressedClassPointers               = true                           {product lp64_product} {ergonomic}
     bool UseCompressedOops                        = true                           {product lp64_product} {ergonomic}
     bool UseG1GC                                  = true                                      {product} {ergonomic}
     bool UseLargePagesIndividualAllocation        = false                                  {pd product} {ergonomic}

Logging:
Log output configuration:
 #0: stdout all=warning uptime,level,tags foldmultilines=false
 #1: stderr all=off uptime,level,tags foldmultilines=false

Environment Variables:
JAVA_HOME=C:\Program Files\Amazon Corretto\jdk11.0.18_10
PATH=C:/Program Files/Java/jdk-19/bin/server;C:/Program Files/Java/jdk-19/bin;C:\Program Files\Java\jdk-19\bin;C:\Program Files\Amazon Corretto\jdk11.0.18_10\bin;C:\Program Files\Common Files\Oracle\Java\javapath;C:\Program Files\Java\jdk-19\bin;C:\Users\techg\Desktop\apache-maven-3.8.7\bin;C:\Program Files\Amazon Corretto\jdk11.0.18_10\bin;%M2_HOME%\bin;C:\Program Files\Amazon Corretto\jdk11.0.18_10\bin;C:\Program Files (x86)\Common Files\Oracle\Java\javapath;C:\WINDOWS\system32;C:\WINDOWS;C:\WINDOWS\System32\Wbem;C:\WINDOWS\System32\OpenSSH\;C:\Program Files\Git\cmd;C:\Program Files (x86)\Webex\Plugins;C:\Windows\system32;C:\Windows;C:\Windows\System32\Wbem;\;C:\Program Files\nodejs\;;C:\Program Files\Docker\Docker\resources\bin;C:\Program Files\Java\jdk-19\bin;C:\Program Files\Java\jdk-19\bin;C:\Program Files\Java\jdk-19\bin;C:\Program Files\MySQL\MySQL Shell 8.0\bin\;C:\Users\techg\AppData\Local\Microsoft\WindowsApps;C:\Users\techg\AppData\Local\Programs\Microsoft VS Code\bin;C:\Users\techg\.dotnet\tools;C:\Users\techg\AppData\Local\GitHubDesktop\bin;C:\Users\techg\Desktop\[ FWProject ] [ MOD-01 ] [ Upload Project for Framwork ] [ FWP-2 ]\apache-maven-3.8.7\bin;C:\Users\techg\AppData\Roaming\npm;;C:\Users\iotda\eclipse\jee-2022-12\eclipse;
USERNAME=techg
OS=Windows_NT
PROCESSOR_IDENTIFIER=Intel64 Family 6 Model 126 Stepping 5, GenuineIntel
TMP=C:\Users\techg\AppData\Local\Temp
TEMP=C:\Users\techg\AppData\Local\Temp



---------------  S Y S T E M  ---------------

OS:
 Windows 11 , 64 bit Build 22000 (10.0.22000.1761)
OS uptime: 12 days 4:31 hours
Hyper-V role detected

CPU: total 8 (initial active 8) (4 cores per cpu, 2 threads per core) family 6 model 126 stepping 5 microcode 0xa8, cx8, cmov, fxsr, ht, mmx, 3dnowpref, sse, sse2, sse3, ssse3, sse4.1, sse4.2, popcnt, lzcnt, tsc, tscinvbit, avx, avx2, aes, erms, clmul, bmi1, bmi2, adx, avx512f, avx512dq, avx512cd, avx512bw, avx512vl, sha, fma, vzeroupper, avx512_vpopcntdq, avx512_vpclmulqdq, avx512_vaes, avx512_vnni, clflush, clflushopt, avx512_vbmi2, avx512_vbmi, hv, rdtscp, rdpid, fsrm, gfni, avx512_bitalg

Memory: 4k page, system-wide physical 32456M (19394M free)
TotalPageFile size 37409M (AvailPageFile size 466M)
current process WorkingSet (physical memory assigned to process): 11M, peak: 11M
current process commit charge ("private bytes"): 60M, peak: 568M

vm_info: Java HotSpot(TM) 64-Bit Server VM (19.0.2+7-44) for windows-amd64 JRE (19.0.2+7-44), built on 2022-11-30T18:02:09Z by "mach5one" with MS VC++ 17.1 (VS2022)

END.
